=== extended v2 start: 2026-04-28T11:29:36Z ===
drawer PID = 3941418
[13:35:36Z] drawer A done
[13:35:36Z] Variant A all_extended: peg_insert
[15:24:12Z] Variant A all_extended: strike
[17:15:43Z] Variant A all_extended: reach
[17:44:01Z] Variant A all_extended: nut_thread
[19:31:57Z] Phase 1 (Variant A all_extended) done
[19:31:57Z] Variant B contact: push
[00:23:17Z] Variant B contact: strike
[08:13:21Z] Variant B contact: drawer
[16:39:47Z] Phase 2 (Variant B contact) done
[16:39:47Z] Phase 3: aggregate + REPORT regen
{
  "variant": "A",
  "criteria": [
    {
      "task": "push",
      "target": "ee_velocity",
      "thr": 0.5,
      "got": 0.9211430668830872,
      "best_layer": 22,
      "pass": true
    },
    {
      "task": "push",
      "target": "ee_position",
      "thr": 0.5,
      "got": 0.9800593376159668,
      "best_layer": 21,
      "pass": true
    },
    {
      "task": "strike",
      "target": "ee_velocity",
      "thr": 0.4,
      "got": 0.9355097413063048,
      "best_layer": 18,
      "pass": true
    }
  ],
  "push_ee_velocity_peak_strict_layer": 22,
  "push_ee_velocity_peak_relaxed_layer": 17,
  "pez_peak_in_mid_layers_6_18_strict": false,
  "pez_peak_in_mid_layers_6_18_relaxed_99pct": true,
  "L0_saturates_targets": [
    "drawer/phase (L0=1.000, max=1.000, gain=0.000)",
    "peg_insert/contact_flag (L0=1.000, max=1.000, gain=0.000)",
    "peg_insert/phase (L0=1.000, max=1.000, gain=0.000)",
    "nut_thread/contact_flag (L0=1.000, max=1.000, gain=0.000)",
    "nut_thread/phase (L0=1.000, max=1.000, gain=0.000)"
  ],
  "healthy_hits": 3,
  "all_basic_under_0_2": false,
  "L0_saturates": true,
  "verdict_strict": "FAILED",
  "verdict_relaxed_99pct_plateau": "FAILED",
  "verdict": "FAILED"
}
{
  "variant": "B",
  "criteria": [
    {
      "task": "push",
      "target": "ee_velocity",
      "thr": 0.5,
      "got": 0.9506636142730712,
      "best_layer": 22,
      "pass": true
    },
    {
      "task": "push",
      "target": "ee_position",
      "thr": 0.5,
      "got": 0.984430170059204,
      "best_layer": 22,
      "pass": true
    },
    {
      "task": "strike",
      "target": "ee_velocity",
      "thr": 0.4,
      "got": 0.96188063621521,
      "best_layer": 22,
      "pass": true
    }
  ],
  "push_ee_velocity_peak_strict_layer": 22,
  "push_ee_velocity_peak_relaxed_layer": 17,
  "pez_peak_in_mid_layers_6_18_strict": false,
  "pez_peak_in_mid_layers_6_18_relaxed_99pct": true,
  "L0_saturates_targets": [],
  "healthy_hits": 3,
  "all_basic_under_0_2": false,
  "L0_saturates": false,
  "verdict_strict": "MARGINAL",
  "verdict_relaxed_99pct_plateau": "HEALTHY",
  "verdict": "HEALTHY"
}
wrote /home/solee/physrepa_tasks/probe/results/REPORT.md
wrote 19 plots to /home/solee/physrepa_tasks/probe/results/plots
  /home/solee/physrepa_tasks/probe/results/plots/push_layer_vs_r2.png
  /home/solee/physrepa_tasks/probe/results/plots/strike_layer_vs_r2.png
  /home/solee/physrepa_tasks/probe/results/plots/reach_layer_vs_r2.png
  /home/solee/physrepa_tasks/probe/results/plots/drawer_layer_vs_r2.png
  /home/solee/physrepa_tasks/probe/results/plots/peg_insert_layer_vs_r2.png
  /home/solee/physrepa_tasks/probe/results/plots/nut_thread_layer_vs_r2.png
  /home/solee/physrepa_tasks/probe/results/plots/cross_task_ee_position.png
  /home/solee/physrepa_tasks/probe/results/plots/cross_task_ee_velocity.png
  /home/solee/physrepa_tasks/probe/results/plots/cross_task_ee_speed.png
  /home/solee/physrepa_tasks/probe/results/plots/cross_task_ee_direction.png
  /home/solee/physrepa_tasks/probe/results/plots/cross_task_ee_acceleration.png
  /home/solee/physrepa_tasks/probe/results/plots/cross_task_ee_accel_mag.png
  /home/solee/physrepa_tasks/probe/results/plots/cross_task_obj_position.png
  /home/solee/physrepa_tasks/probe/results/plots/cross_task_obj_velocity.png
  /home/solee/physrepa_tasks/probe/results/plots/cross_task_obj_speed.png
  /home/solee/physrepa_tasks/probe/results/plots/cross_task_obj_direction.png
  /home/solee/physrepa_tasks/probe/results/plots/cross_task_obj_acceleration.png
  /home/solee/physrepa_tasks/probe/results/plots/cross_task_obj_accel_mag.png
  /home/solee/physrepa_tasks/probe/results/plots/heatmap_r2.png
