=== finalize start: 2026-04-25T12:30:13Z ===
=== finalize_v2 start: 2026-04-25T23:23:22Z ===
gpu0 chain done at 01:36:23Z
push probe done at 01:36:23Z
--- aggregate at 01:36:23Z ---
{
  "variant": "A",
  "criteria": [
    {
      "task": "push",
      "target": "ee_velocity",
      "thr": 0.5,
      "got": 0.9211430668830872,
      "best_layer": 22,
      "pass": true
    },
    {
      "task": "push",
      "target": "ee_position",
      "thr": 0.5,
      "got": 0.9800593376159668,
      "best_layer": 21,
      "pass": true
    },
    {
      "task": "strike",
      "target": "ee_velocity",
      "thr": 0.4,
      "got": 0.9355097413063048,
      "best_layer": 18,
      "pass": true
    }
  ],
  "push_ee_velocity_peak_strict_layer": 22,
  "push_ee_velocity_peak_relaxed_layer": 17,
  "pez_peak_in_mid_layers_6_18_strict": false,
  "pez_peak_in_mid_layers_6_18_relaxed_99pct": true,
  "healthy_hits": 3,
  "all_basic_under_0_2": false,
  "L0_saturates": true,
  "verdict_strict": "FAILED",
  "verdict_relaxed_99pct_plateau": "FAILED",
  "verdict": "FAILED"
}
--- write report at 01:36:23Z ---
wrote /home/solee/physrepa_tasks/probe/results/REPORT.md
=== finalize done: 2026-04-26T01:36:24Z ===
