[09_tangent_rsa] push loading ...
[09_tangent] push L00 vel_tan=0.462 acc_tan=0.232 acc|p+v=0.151
[09_tangent] push L01 vel_tan=0.481 acc_tan=0.250 acc|p+v=0.149
[09_tangent] push L02 vel_tan=0.412 acc_tan=0.366 acc|p+v=0.307
[09_tangent] push L03 vel_tan=0.396 acc_tan=0.380 acc|p+v=0.324
[09_tangent] push L04 vel_tan=0.185 acc_tan=0.294 acc|p+v=0.234
[09_tangent] push L05 vel_tan=0.174 acc_tan=0.287 acc|p+v=0.234
[09_tangent] push L06 vel_tan=0.071 acc_tan=0.196 acc|p+v=0.192
[09_tangent] push L07 vel_tan=0.134 acc_tan=0.222 acc|p+v=0.202
[09_tangent] push L08 vel_tan=-0.242 acc_tan=-0.117 acc|p+v=-0.045
[09_tangent] push L09 vel_tan=-0.037 acc_tan=0.042 acc|p+v=0.063
[09_tangent] push L10 vel_tan=-0.041 acc_tan=0.020 acc|p+v=0.050
[09_tangent] push L11 vel_tan=-0.251 acc_tan=-0.167 acc|p+v=-0.100
[09_tangent] push L12 vel_tan=-0.148 acc_tan=-0.050 acc|p+v=0.001
[09_tangent] push L13 vel_tan=-0.095 acc_tan=-0.017 acc|p+v=0.026
[09_tangent] push L14 vel_tan=0.036 acc_tan=0.097 acc|p+v=0.109
[09_tangent] push L15 vel_tan=0.123 acc_tan=0.206 acc|p+v=0.189
[09_tangent] push L16 vel_tan=0.157 acc_tan=0.241 acc|p+v=0.207
[09_tangent] push L17 vel_tan=0.203 acc_tan=0.273 acc|p+v=0.230
[09_tangent] push L18 vel_tan=0.229 acc_tan=0.299 acc|p+v=0.244
[09_tangent] push L19 vel_tan=0.238 acc_tan=0.304 acc|p+v=0.246
[09_tangent] push L20 vel_tan=0.229 acc_tan=0.304 acc|p+v=0.249
[09_tangent] push L21 vel_tan=0.270 acc_tan=0.335 acc|p+v=0.264
[09_tangent] push L22 vel_tan=0.288 acc_tan=0.341 acc|p+v=0.262
[09_tangent] push L23 vel_tan=0.222 acc_tan=0.279 acc|p+v=0.227
[09_tangent_rsa] strike loading ...
[09_tangent] strike L00 vel_tan=0.721 acc_tan=0.667 acc|p+v=0.361
[09_tangent] strike L01 vel_tan=0.689 acc_tan=0.655 acc|p+v=0.382
[09_tangent] strike L02 vel_tan=0.499 acc_tan=0.661 acc|p+v=0.511
[09_tangent] strike L03 vel_tan=0.464 acc_tan=0.635 acc|p+v=0.495
[09_tangent] strike L04 vel_tan=0.346 acc_tan=0.510 acc|p+v=0.418
[09_tangent] strike L05 vel_tan=0.358 acc_tan=0.463 acc|p+v=0.366
[09_tangent] strike L06 vel_tan=0.274 acc_tan=0.310 acc|p+v=0.294
[09_tangent] strike L07 vel_tan=0.358 acc_tan=0.397 acc|p+v=0.315
[09_tangent] strike L08 vel_tan=-0.081 acc_tan=-0.156 acc|p+v=0.007
[09_tangent] strike L09 vel_tan=0.263 acc_tan=0.210 acc|p+v=0.158
[09_tangent] strike L10 vel_tan=0.289 acc_tan=0.227 acc|p+v=0.172
[09_tangent] strike L11 vel_tan=0.114 acc_tan=-0.020 acc|p+v=0.034
[09_tangent] strike L12 vel_tan=0.324 acc_tan=0.282 acc|p+v=0.195
[09_tangent] strike L13 vel_tan=0.366 acc_tan=0.321 acc|p+v=0.199
[09_tangent] strike L14 vel_tan=0.461 acc_tan=0.435 acc|p+v=0.258
[09_tangent] strike L15 vel_tan=0.507 acc_tan=0.516 acc|p+v=0.317
[09_tangent] strike L16 vel_tan=0.513 acc_tan=0.521 acc|p+v=0.319
[09_tangent] strike L17 vel_tan=0.551 acc_tan=0.560 acc|p+v=0.339
[09_tangent] strike L18 vel_tan=0.564 acc_tan=0.581 acc|p+v=0.359
[09_tangent] strike L19 vel_tan=0.574 acc_tan=0.593 acc|p+v=0.364
[09_tangent] strike L20 vel_tan=0.579 acc_tan=0.592 acc|p+v=0.356
[09_tangent] strike L21 vel_tan=0.604 acc_tan=0.621 acc|p+v=0.377
[09_tangent] strike L22 vel_tan=0.616 acc_tan=0.636 acc|p+v=0.386
[09_tangent] strike L23 vel_tan=0.573 acc_tan=0.584 acc|p+v=0.354
[09_tangent_rsa] reach loading ...
[09_tangent] reach L00 vel_tan=0.794 acc_tan=0.763 acc|p+v=0.299
[09_tangent] reach L01 vel_tan=0.755 acc_tan=0.710 acc|p+v=0.274
[09_tangent] reach L02 vel_tan=0.700 acc_tan=0.694 acc|p+v=0.268
[09_tangent] reach L03 vel_tan=0.715 acc_tan=0.709 acc|p+v=0.281
[09_tangent] reach L04 vel_tan=0.752 acc_tan=0.757 acc|p+v=0.297
[09_tangent] reach L05 vel_tan=0.747 acc_tan=0.753 acc|p+v=0.298
[09_tangent] reach L06 vel_tan=0.740 acc_tan=0.743 acc|p+v=0.284
[09_tangent] reach L07 vel_tan=0.763 acc_tan=0.765 acc|p+v=0.297
[09_tangent] reach L08 vel_tan=0.712 acc_tan=0.707 acc|p+v=0.257
[09_tangent] reach L09 vel_tan=0.788 acc_tan=0.777 acc|p+v=0.303
[09_tangent] reach L10 vel_tan=0.803 acc_tan=0.795 acc|p+v=0.328
[09_tangent] reach L11 vel_tan=0.760 acc_tan=0.751 acc|p+v=0.311
[09_tangent] reach L12 vel_tan=0.811 acc_tan=0.803 acc|p+v=0.339
[09_tangent] reach L13 vel_tan=0.814 acc_tan=0.807 acc|p+v=0.345
[09_tangent] reach L14 vel_tan=0.832 acc_tan=0.827 acc|p+v=0.367
[09_tangent] reach L15 vel_tan=0.839 acc_tan=0.837 acc|p+v=0.377
[09_tangent] reach L16 vel_tan=0.839 acc_tan=0.838 acc|p+v=0.381
[09_tangent] reach L17 vel_tan=0.842 acc_tan=0.844 acc|p+v=0.392
[09_tangent] reach L18 vel_tan=0.842 acc_tan=0.844 acc|p+v=0.386
[09_tangent] reach L19 vel_tan=0.840 acc_tan=0.843 acc|p+v=0.383
[09_tangent] reach L20 vel_tan=0.836 acc_tan=0.842 acc|p+v=0.386
[09_tangent] reach L21 vel_tan=0.834 acc_tan=0.843 acc|p+v=0.387
[09_tangent] reach L22 vel_tan=0.826 acc_tan=0.835 acc|p+v=0.379
[09_tangent] reach L23 vel_tan=0.806 acc_tan=0.811 acc|p+v=0.347
[09_tangent_rsa] drawer loading ...
[09_tangent] drawer L00 vel_tan=0.829 acc_tan=0.683 acc|p+v=0.326
[09_tangent] drawer L01 vel_tan=0.809 acc_tan=0.666 acc|p+v=0.309
[09_tangent] drawer L02 vel_tan=0.638 acc_tan=0.636 acc|p+v=0.426
[09_tangent] drawer L03 vel_tan=0.619 acc_tan=0.621 acc|p+v=0.415
[09_tangent] drawer L04 vel_tan=0.323 acc_tan=0.238 acc|p+v=0.174
[09_tangent] drawer L05 vel_tan=0.443 acc_tan=0.360 acc|p+v=0.227
[09_tangent] drawer L06 vel_tan=0.483 acc_tan=0.408 acc|p+v=0.255
[09_tangent] drawer L07 vel_tan=0.573 acc_tan=0.508 acc|p+v=0.307
[09_tangent] drawer L08 vel_tan=0.518 acc_tan=0.440 acc|p+v=0.252
[09_tangent] drawer L09 vel_tan=0.533 acc_tan=0.449 acc|p+v=0.226
[09_tangent] drawer L10 vel_tan=0.566 acc_tan=0.491 acc|p+v=0.251
[09_tangent] drawer L11 vel_tan=0.582 acc_tan=0.483 acc|p+v=0.228
[09_tangent] drawer L12 vel_tan=0.605 acc_tan=0.535 acc|p+v=0.268
[09_tangent] drawer L13 vel_tan=0.648 acc_tan=0.592 acc|p+v=0.317
[09_tangent] drawer L14 vel_tan=0.672 acc_tan=0.628 acc|p+v=0.355
[09_tangent] drawer L15 vel_tan=0.690 acc_tan=0.660 acc|p+v=0.392
[09_tangent] drawer L16 vel_tan=0.685 acc_tan=0.669 acc|p+v=0.413
[09_tangent] drawer L17 vel_tan=0.697 acc_tan=0.674 acc|p+v=0.412
[09_tangent] drawer L18 vel_tan=0.695 acc_tan=0.676 acc|p+v=0.418
[09_tangent] drawer L19 vel_tan=0.691 acc_tan=0.681 acc|p+v=0.431
[09_tangent] drawer L20 vel_tan=0.684 acc_tan=0.679 acc|p+v=0.432
[09_tangent] drawer L21 vel_tan=0.686 acc_tan=0.674 acc|p+v=0.420
[09_tangent] drawer L22 vel_tan=0.687 acc_tan=0.667 acc|p+v=0.406
[09_tangent] drawer L23 vel_tan=0.682 acc_tan=0.658 acc|p+v=0.394
[09_tangent_rsa] peg_insert loading ...
[09_tangent] peg_insert L00 vel_tan=0.134 acc_tan=0.206 acc|p+v=0.171
[09_tangent] peg_insert L01 vel_tan=0.141 acc_tan=0.198 acc|p+v=0.165
[09_tangent] peg_insert L02 vel_tan=0.158 acc_tan=0.212 acc|p+v=0.175
[09_tangent] peg_insert L03 vel_tan=0.163 acc_tan=0.215 acc|p+v=0.177
[09_tangent] peg_insert L04 vel_tan=0.179 acc_tan=0.230 acc|p+v=0.188
[09_tangent] peg_insert L05 vel_tan=0.191 acc_tan=0.243 acc|p+v=0.196
[09_tangent] peg_insert L06 vel_tan=0.180 acc_tan=0.229 acc|p+v=0.185
[09_tangent] peg_insert L07 vel_tan=0.162 acc_tan=0.215 acc|p+v=0.174
[09_tangent] peg_insert L08 vel_tan=0.146 acc_tan=0.185 acc|p+v=0.149
[09_tangent] peg_insert L09 vel_tan=0.173 acc_tan=0.212 acc|p+v=0.169
[09_tangent] peg_insert L10 vel_tan=0.169 acc_tan=0.215 acc|p+v=0.171
[09_tangent] peg_insert L11 vel_tan=0.157 acc_tan=0.195 acc|p+v=0.151
[09_tangent] peg_insert L12 vel_tan=0.189 acc_tan=0.214 acc|p+v=0.162
[09_tangent] peg_insert L13 vel_tan=0.187 acc_tan=0.204 acc|p+v=0.150
[09_tangent] peg_insert L14 vel_tan=0.181 acc_tan=0.196 acc|p+v=0.143
[09_tangent] peg_insert L15 vel_tan=0.188 acc_tan=0.191 acc|p+v=0.136
[09_tangent] peg_insert L16 vel_tan=0.173 acc_tan=0.178 acc|p+v=0.128
[09_tangent] peg_insert L17 vel_tan=0.174 acc_tan=0.178 acc|p+v=0.127
[09_tangent] peg_insert L18 vel_tan=0.170 acc_tan=0.178 acc|p+v=0.130
[09_tangent] peg_insert L19 vel_tan=0.165 acc_tan=0.179 acc|p+v=0.134
[09_tangent] peg_insert L20 vel_tan=0.165 acc_tan=0.174 acc|p+v=0.130
[09_tangent] peg_insert L21 vel_tan=0.160 acc_tan=0.174 acc|p+v=0.132
[09_tangent] peg_insert L22 vel_tan=0.149 acc_tan=0.166 acc|p+v=0.129
[09_tangent] peg_insert L23 vel_tan=0.150 acc_tan=0.178 acc|p+v=0.142
[09_tangent_rsa] nut_thread loading ...
[09_tangent] nut_thread L00 vel_tan=0.043 acc_tan=0.065 acc|p+v=0.056
[09_tangent] nut_thread L01 vel_tan=0.028 acc_tan=0.040 acc|p+v=0.035
[09_tangent] nut_thread L02 vel_tan=0.029 acc_tan=0.049 acc|p+v=0.045
[09_tangent] nut_thread L03 vel_tan=0.044 acc_tan=0.067 acc|p+v=0.060
[09_tangent] nut_thread L04 vel_tan=0.065 acc_tan=0.101 acc|p+v=0.090
[09_tangent] nut_thread L05 vel_tan=0.076 acc_tan=0.109 acc|p+v=0.096
[09_tangent] nut_thread L06 vel_tan=0.084 acc_tan=0.115 acc|p+v=0.099
[09_tangent] nut_thread L07 vel_tan=0.078 acc_tan=0.109 acc|p+v=0.094
[09_tangent] nut_thread L08 vel_tan=0.077 acc_tan=0.111 acc|p+v=0.098
[09_tangent] nut_thread L09 vel_tan=0.113 acc_tan=0.134 acc|p+v=0.115
[09_tangent] nut_thread L10 vel_tan=0.114 acc_tan=0.131 acc|p+v=0.111
[09_tangent] nut_thread L11 vel_tan=0.126 acc_tan=0.131 acc|p+v=0.109
[09_tangent] nut_thread L12 vel_tan=0.126 acc_tan=0.128 acc|p+v=0.106
[09_tangent] nut_thread L13 vel_tan=0.118 acc_tan=0.127 acc|p+v=0.106
[09_tangent] nut_thread L14 vel_tan=0.113 acc_tan=0.124 acc|p+v=0.104
[09_tangent] nut_thread L15 vel_tan=0.116 acc_tan=0.134 acc|p+v=0.110
[09_tangent] nut_thread L16 vel_tan=0.115 acc_tan=0.132 acc|p+v=0.109
[09_tangent] nut_thread L17 vel_tan=0.108 acc_tan=0.128 acc|p+v=0.106
[09_tangent] nut_thread L18 vel_tan=0.123 acc_tan=0.134 acc|p+v=0.110
[09_tangent] nut_thread L19 vel_tan=0.127 acc_tan=0.140 acc|p+v=0.115
[09_tangent] nut_thread L20 vel_tan=0.118 acc_tan=0.133 acc|p+v=0.110
[09_tangent] nut_thread L21 vel_tan=0.120 acc_tan=0.130 acc|p+v=0.106
[09_tangent] nut_thread L22 vel_tan=0.110 acc_tan=0.123 acc|p+v=0.100
[09_tangent] nut_thread L23 vel_tan=0.103 acc_tan=0.113 acc|p+v=0.093
[09_tangent] wrote /home/solee/physrepa_tasks/probe/trajectory_analysis_B/results/stats/rsa_tangent.csv (144 rows)
