=== GPU 1 rerun start: 2026-04-27T15:19:27Z ===
--- strike rerun layers 0,19,20,21 ---
Traceback (most recent call last):
  File "/home/solee/physrepa_tasks/probe/scripts/03c_rerun_layers.py", line 181, in <module>
    main()
  File "/home/solee/physrepa_tasks/probe/scripts/03c_rerun_layers.py", line 107, in main
    results = run_groupkfold_probe(
  File "/home/solee/physrepa_tasks/probe/utils/probe.py", line 257, in run_groupkfold_probe
    best_lr, best_wd, y_pred = fit_one_fold(
  File "/home/solee/physrepa_tasks/probe/utils/probe.py", line 88, in fit_one_fold
    Xi = Xt[inner_idx]
torch.OutOfMemoryError: CUDA out of memory. Tried to allocate 5.89 GiB. GPU 1 has a total capacity of 47.40 GiB of which 3.99 GiB is free. Including non-PyTorch memory, this process has 13.40 GiB memory in use. Of the allocated memory 8.20 GiB is allocated by PyTorch, and 4.88 GiB is reserved by PyTorch but unallocated. If reserved but unallocated memory is large try setting PYTORCH_CUDA_ALLOC_CONF=expandable_segments:True to avoid fragmentation.  See documentation for Memory Management  (https://pytorch.org/docs/stable/notes/cuda.html#environment-variables)
There was an error running python
strike rerun failed
--- push rerun layers 0,20,21,22,23 ---
Terminated
push rerun failed
--- nut_thread rerun layers 1,8,9,10,11 ---
Traceback (most recent call last):
  File "/home/solee/physrepa_tasks/probe/scripts/03c_rerun_layers.py", line 181, in <module>
    main()
  File "/home/solee/physrepa_tasks/probe/scripts/03c_rerun_layers.py", line 107, in main
    results = run_groupkfold_probe(
  File "/home/solee/physrepa_tasks/probe/utils/probe.py", line 257, in run_groupkfold_probe
    test_eps = set(groups[test_idx].tolist())
  File "/home/solee/physrepa_tasks/probe/utils/probe.py", line 88, in fit_one_fold
    torch.cuda.empty_cache()
torch.OutOfMemoryError: CUDA out of memory. Tried to allocate 3.54 GiB. GPU 1 has a total capacity of 47.40 GiB of which 1.38 GiB is free. Including non-PyTorch memory, this process has 5.20 GiB memory in use. Of the allocated memory 4.93 GiB is allocated by PyTorch, and 15.28 MiB is reserved by PyTorch but unallocated. If reserved but unallocated memory is large try setting PYTORCH_CUDA_ALLOC_CONF=expandable_segments:True to avoid fragmentation.  See documentation for Memory Management  (https://pytorch.org/docs/stable/notes/cuda.html#environment-variables)
There was an error running python
