2026-05-01T13:37:02Z [watch_push] shuffled=1148 orig=1500
2026-05-01T13:38:02Z [watch_push] shuffled=1154 orig=1500
2026-05-01T13:39:02Z [watch_push] shuffled=1160 orig=1500
2026-05-01T13:40:02Z [watch_push] shuffled=1167 orig=1500
2026-05-01T13:41:02Z [watch_push] shuffled=1173 orig=1500
2026-05-01T13:42:02Z [watch_push] shuffled=1180 orig=1500
2026-05-01T13:43:02Z [watch_push] shuffled=1187 orig=1500
2026-05-01T13:44:02Z [watch_push] shuffled=1193 orig=1500
2026-05-01T13:45:02Z [watch_push] shuffled=1201 orig=1500
2026-05-01T13:46:02Z [watch_push] shuffled=1207 orig=1500
2026-05-01T13:47:02Z [watch_push] shuffled=1213 orig=1500
2026-05-01T13:48:02Z [watch_push] shuffled=1219 orig=1500
2026-05-01T13:49:02Z [watch_push] shuffled=1226 orig=1500
2026-05-01T13:50:02Z [watch_push] shuffled=1233 orig=1500
2026-05-01T13:51:03Z [watch_push] shuffled=1239 orig=1500
2026-05-01T13:52:03Z [watch_push] shuffled=1246 orig=1500
2026-05-01T13:53:03Z [watch_push] shuffled=1252 orig=1500
2026-05-01T13:54:03Z [watch_push] shuffled=1258 orig=1500
2026-05-01T13:55:03Z [watch_push] shuffled=1265 orig=1500
2026-05-01T13:56:03Z [watch_push] shuffled=1271 orig=1500
2026-05-01T13:57:03Z [watch_push] shuffled=1278 orig=1500
2026-05-01T13:58:03Z [watch_push] shuffled=1284 orig=1500
2026-05-01T13:59:03Z [watch_push] shuffled=1291 orig=1500
2026-05-01T14:00:03Z [watch_push] shuffled=1297 orig=1500
2026-05-01T14:01:03Z [watch_push] shuffled=1303 orig=1500
2026-05-01T14:02:03Z [watch_push] shuffled=1309 orig=1500
2026-05-01T14:03:03Z [watch_push] shuffled=1315 orig=1500
2026-05-01T14:04:03Z [watch_push] shuffled=1321 orig=1500
2026-05-01T14:05:03Z [watch_push] shuffled=1328 orig=1500
2026-05-01T14:06:04Z [watch_push] shuffled=1334 orig=1500
2026-05-01T14:07:04Z [watch_push] shuffled=1341 orig=1500
2026-05-01T14:08:04Z [watch_push] shuffled=1347 orig=1500
2026-05-01T14:09:04Z [watch_push] shuffled=1354 orig=1500
2026-05-01T14:10:04Z [watch_push] shuffled=1361 orig=1500
2026-05-01T14:11:04Z [watch_push] shuffled=1367 orig=1500
2026-05-01T14:12:04Z [watch_push] shuffled=1374 orig=1500
2026-05-01T14:13:04Z [watch_push] shuffled=1381 orig=1500
2026-05-01T14:14:04Z [watch_push] shuffled=1387 orig=1500
2026-05-01T14:15:04Z [watch_push] shuffled=1393 orig=1500
2026-05-01T14:16:04Z [watch_push] shuffled=1399 orig=1500
2026-05-01T14:17:04Z [watch_push] shuffled=1406 orig=1500
2026-05-01T14:18:04Z [watch_push] shuffled=1412 orig=1500
2026-05-01T14:19:04Z [watch_push] shuffled=1419 orig=1500
2026-05-01T14:20:05Z [watch_push] shuffled=1425 orig=1500
2026-05-01T14:21:05Z [watch_push] shuffled=1432 orig=1500
2026-05-01T14:22:05Z [watch_push] shuffled=1438 orig=1500
2026-05-01T14:23:05Z [watch_push] shuffled=1445 orig=1500
2026-05-01T14:24:05Z [watch_push] shuffled=1451 orig=1500
2026-05-01T14:25:05Z [watch_push] shuffled=1457 orig=1500
2026-05-01T14:26:05Z [watch_push] shuffled=1464 orig=1500
2026-05-01T14:27:05Z [watch_push] shuffled=1470 orig=1500
2026-05-01T14:28:05Z [watch_push] shuffled=1476 orig=1500
2026-05-01T14:29:05Z [watch_push] shuffled=1483 orig=1500
2026-05-01T14:30:05Z [watch_push] shuffled=1489 orig=1500
2026-05-01T14:31:05Z [watch_push] shuffled=1496 orig=1500
2026-05-01T14:32:05Z [watch_push] shuffled=1500 orig=1500
2026-05-01T14:32:05Z [watch_push] cache equality reached — launching shuffled probe
[shuf_probe] push: 1500 shuffled .npz files (matches variant_A). Launching probe sweep on GPUs 2,3.
[shuf_probe] 2 GPUs available; 4 targets queued.
[shuf_probe] push / ee_acceleration on GPU 2 → /home/solee/physrepa_tasks/probe/results/logs/shuffled_probe_push_ee_acceleration.log
[shuf_probe]   PID 1634129 on GPU 2
[shuf_probe] push / ee_velocity on GPU 3 → /home/solee/physrepa_tasks/probe/results/logs/shuffled_probe_push_ee_velocity.log
[shuf_probe]   PID 1634130 on GPU 3
[shuf_probe] push / contact_force_log1p_mag waits for PID 1634129 (GPU 2)
[shuf_probe] push / contact_force_log1p_mag on GPU 2 → /home/solee/physrepa_tasks/probe/results/logs/shuffled_probe_push_contact_force_log1p_mag.log
[shuf_probe]   PID 1710894 on GPU 2
[shuf_probe] push / contact_flag waits for PID 1634130 (GPU 3)
[shuf_probe] push / contact_flag on GPU 3 → /home/solee/physrepa_tasks/probe/results/logs/shuffled_probe_push_contact_flag.log
[shuf_probe]   PID 1713446 on GPU 3
[shuf_probe] push: all targets queued. Waiting for remaining jobs...
[shuf_probe] push: ALL DONE.
2026-05-01T14:32:05Z [watch_push] DONE.
446 on GPU 3
[shuf_probe] push: all targets queued. Waiting for remaining jobs...
[shuf_probe] push: ALL DONE.
2026-05-01T14:32:05Z [watch_push] DONE.
