2026-05-01T13:26:17Z [watch_strike] shuffled=1188 orig=2999
2026-05-01T13:27:17Z [watch_strike] shuffled=1195 orig=2999
2026-05-01T13:28:17Z [watch_strike] shuffled=1204 orig=2999
2026-05-01T13:29:17Z [watch_strike] shuffled=1214 orig=2999
2026-05-01T13:30:18Z [watch_strike] shuffled=1222 orig=2999
2026-05-01T13:31:18Z [watch_strike] shuffled=1229 orig=2999
2026-05-01T13:32:18Z [watch_strike] shuffled=1238 orig=2999
2026-05-01T13:33:18Z [watch_strike] shuffled=1249 orig=2999
2026-05-01T13:34:18Z [watch_strike] shuffled=1256 orig=2999
2026-05-01T13:35:18Z [watch_strike] shuffled=1265 orig=2999
2026-05-01T13:36:18Z [watch_strike] shuffled=1275 orig=2999
2026-05-01T13:37:18Z [watch_strike] shuffled=1284 orig=2999
2026-05-01T13:38:18Z [watch_strike] shuffled=1291 orig=2999
2026-05-01T13:39:18Z [watch_strike] shuffled=1301 orig=2999
2026-05-01T13:40:18Z [watch_strike] shuffled=1312 orig=2999
2026-05-01T13:41:18Z [watch_strike] shuffled=1318 orig=2999
2026-05-01T13:42:18Z [watch_strike] shuffled=1326 orig=2999
2026-05-01T13:43:18Z [watch_strike] shuffled=1335 orig=2999
2026-05-01T13:44:19Z [watch_strike] shuffled=1345 orig=2999
2026-05-01T13:45:19Z [watch_strike] shuffled=1351 orig=2999
2026-05-01T13:46:19Z [watch_strike] shuffled=1358 orig=2999
2026-05-01T13:47:19Z [watch_strike] shuffled=1367 orig=2999
2026-05-01T13:48:19Z [watch_strike] shuffled=1376 orig=2999
2026-05-01T13:49:19Z [watch_strike] shuffled=1382 orig=2999
2026-05-01T13:50:19Z [watch_strike] shuffled=1389 orig=2999
2026-05-01T13:51:19Z [watch_strike] shuffled=1398 orig=2999
2026-05-01T13:52:19Z [watch_strike] shuffled=1407 orig=2999
2026-05-01T13:53:19Z [watch_strike] shuffled=1413 orig=2999
2026-05-01T13:54:19Z [watch_strike] shuffled=1419 orig=2999
2026-05-01T13:55:19Z [watch_strike] shuffled=1428 orig=2999
2026-05-01T13:56:20Z [watch_strike] shuffled=1437 orig=2999
2026-05-01T13:57:20Z [watch_strike] shuffled=1445 orig=2999
2026-05-01T13:58:20Z [watch_strike] shuffled=1452 orig=2999
2026-05-01T13:59:20Z [watch_strike] shuffled=1460 orig=2999
2026-05-01T14:00:20Z [watch_strike] shuffled=1468 orig=2999
2026-05-01T14:01:20Z [watch_strike] shuffled=1475 orig=2999
2026-05-01T14:02:20Z [watch_strike] shuffled=1481 orig=2999
2026-05-01T14:03:20Z [watch_strike] shuffled=1488 orig=2999
2026-05-01T14:04:20Z [watch_strike] shuffled=1498 orig=2999
2026-05-01T14:05:20Z [watch_strike] shuffled=1507 orig=2999
2026-05-01T14:06:20Z [watch_strike] shuffled=1514 orig=2999
2026-05-01T14:07:20Z [watch_strike] shuffled=1523 orig=2999
2026-05-01T14:08:20Z [watch_strike] shuffled=1533 orig=2999
2026-05-01T14:09:21Z [watch_strike] shuffled=1541 orig=2999
2026-05-01T14:10:21Z [watch_strike] shuffled=1548 orig=2999
2026-05-01T14:11:21Z [watch_strike] shuffled=1557 orig=2999
2026-05-01T14:12:21Z [watch_strike] shuffled=1566 orig=2999
2026-05-01T14:13:21Z [watch_strike] shuffled=1572 orig=2999
2026-05-01T14:14:21Z [watch_strike] shuffled=1578 orig=2999
2026-05-01T14:15:21Z [watch_strike] shuffled=1584 orig=2999
2026-05-01T14:16:21Z [watch_strike] shuffled=1592 orig=2999
2026-05-01T14:17:21Z [watch_strike] shuffled=1599 orig=2999
2026-05-01T14:18:21Z [watch_strike] shuffled=1606 orig=2999
2026-05-01T14:19:21Z [watch_strike] shuffled=1614 orig=2999
2026-05-01T14:20:21Z [watch_strike] shuffled=1623 orig=2999
2026-05-01T14:21:21Z [watch_strike] shuffled=1631 orig=2999
2026-05-01T14:22:21Z [watch_strike] shuffled=1639 orig=2999
2026-05-01T14:23:21Z [watch_strike] shuffled=1646 orig=2999
2026-05-01T14:24:22Z [watch_strike] shuffled=1654 orig=2999
2026-05-01T14:25:22Z [watch_strike] shuffled=1662 orig=2999
2026-05-01T14:26:22Z [watch_strike] shuffled=1668 orig=2999
2026-05-01T14:27:22Z [watch_strike] shuffled=1676 orig=2999
2026-05-01T14:28:22Z [watch_strike] shuffled=1683 orig=2999
2026-05-01T14:29:22Z [watch_strike] shuffled=1692 orig=2999
2026-05-01T14:30:22Z [watch_strike] shuffled=1700 orig=2999
2026-05-01T14:31:22Z [watch_strike] shuffled=1706 orig=2999
2026-05-01T14:32:22Z [watch_strike] shuffled=1713 orig=2999
2026-05-01T14:33:22Z [watch_strike] shuffled=1721 orig=2999
2026-05-01T14:34:22Z [watch_strike] shuffled=1728 orig=2999
2026-05-01T14:35:22Z [watch_strike] shuffled=1735 orig=2999
2026-05-01T14:36:22Z [watch_strike] shuffled=1742 orig=2999
2026-05-01T14:37:22Z [watch_strike] shuffled=1751 orig=2999
2026-05-01T14:38:22Z [watch_strike] shuffled=1759 orig=2999
2026-05-01T14:39:22Z [watch_strike] shuffled=1766 orig=2999
2026-05-01T14:40:22Z [watch_strike] shuffled=1773 orig=2999
2026-05-01T14:41:22Z [watch_strike] shuffled=1781 orig=2999
2026-05-01T14:42:22Z [watch_strike] shuffled=1790 orig=2999
2026-05-01T14:43:22Z [watch_strike] shuffled=1795 orig=2999
2026-05-01T14:44:22Z [watch_strike] shuffled=1804 orig=2999
2026-05-01T14:45:23Z [watch_strike] shuffled=1812 orig=2999
2026-05-01T14:46:23Z [watch_strike] shuffled=1820 orig=2999
2026-05-01T14:47:23Z [watch_strike] shuffled=1826 orig=2999
2026-05-01T14:48:23Z [watch_strike] shuffled=1835 orig=2999
2026-05-01T14:49:23Z [watch_strike] shuffled=1842 orig=2999
2026-05-01T14:50:23Z [watch_strike] shuffled=1850 orig=2999
2026-05-01T14:51:23Z [watch_strike] shuffled=1857 orig=2999
2026-05-01T14:52:23Z [watch_strike] shuffled=1865 orig=2999
2026-05-01T14:53:23Z [watch_strike] shuffled=1872 orig=2999
2026-05-01T14:54:23Z [watch_strike] shuffled=1882 orig=2999
2026-05-01T14:55:23Z [watch_strike] shuffled=1891 orig=2999
2026-05-01T14:56:23Z [watch_strike] shuffled=1899 orig=2999
2026-05-01T14:57:23Z [watch_strike] shuffled=1906 orig=2999
2026-05-01T14:58:23Z [watch_strike] shuffled=1912 orig=2999
2026-05-01T14:59:23Z [watch_strike] shuffled=1917 orig=2999
2026-05-01T15:00:23Z [watch_strike] shuffled=1924 orig=2999
2026-05-01T15:01:23Z [watch_strike] shuffled=1932 orig=2999
2026-05-01T15:02:23Z [watch_strike] shuffled=1941 orig=2999
2026-05-01T15:03:23Z [watch_strike] shuffled=1948 orig=2999
2026-05-01T15:04:23Z [watch_strike] shuffled=1953 orig=2999
2026-05-01T15:05:24Z [watch_strike] shuffled=1958 orig=2999
2026-05-01T15:06:24Z [watch_strike] shuffled=1963 orig=2999
2026-05-01T15:07:24Z [watch_strike] shuffled=1969 orig=2999
2026-05-01T15:08:24Z [watch_strike] shuffled=1976 orig=2999
2026-05-01T15:09:24Z [watch_strike] shuffled=1982 orig=2999
2026-05-01T15:10:24Z [watch_strike] shuffled=1987 orig=2999
2026-05-01T15:11:24Z [watch_strike] shuffled=1994 orig=2999
2026-05-01T15:12:24Z [watch_strike] shuffled=2000 orig=2999
2026-05-01T15:13:24Z [watch_strike] shuffled=2008 orig=2999
2026-05-01T15:14:24Z [watch_strike] shuffled=2016 orig=2999
2026-05-01T15:15:24Z [watch_strike] shuffled=2023 orig=2999
2026-05-01T15:16:24Z [watch_strike] shuffled=2030 orig=2999
2026-05-01T15:17:24Z [watch_strike] shuffled=2041 orig=2999
2026-05-01T15:18:24Z [watch_strike] shuffled=2050 orig=2999
2026-05-01T15:19:24Z [watch_strike] shuffled=2057 orig=2999
2026-05-01T15:20:24Z [watch_strike] shuffled=2063 orig=2999
2026-05-01T15:21:24Z [watch_strike] shuffled=2069 orig=2999
2026-05-01T15:22:24Z [watch_strike] shuffled=2074 orig=2999
2026-05-01T15:23:24Z [watch_strike] shuffled=2080 orig=2999
2026-05-01T15:24:24Z [watch_strike] shuffled=2085 orig=2999
2026-05-01T15:25:25Z [watch_strike] shuffled=2090 orig=2999
2026-05-01T15:26:25Z [watch_strike] shuffled=2096 orig=2999
2026-05-01T15:27:25Z [watch_strike] shuffled=2103 orig=2999
2026-05-01T15:28:25Z [watch_strike] shuffled=2109 orig=2999
2026-05-01T15:29:25Z [watch_strike] shuffled=2115 orig=2999
2026-05-01T15:30:25Z [watch_strike] shuffled=2122 orig=2999
2026-05-01T15:31:25Z [watch_strike] shuffled=2130 orig=2999
2026-05-01T15:32:25Z [watch_strike] shuffled=2138 orig=2999
2026-05-01T15:33:25Z [watch_strike] shuffled=2146 orig=2999
2026-05-01T15:34:25Z [watch_strike] shuffled=2154 orig=2999
2026-05-01T15:35:25Z [watch_strike] shuffled=2162 orig=2999
2026-05-01T15:36:25Z [watch_strike] shuffled=2171 orig=2999
2026-05-01T15:37:25Z [watch_strike] shuffled=2179 orig=2999
2026-05-01T15:38:25Z [watch_strike] shuffled=2186 orig=2999
2026-05-01T15:39:25Z [watch_strike] shuffled=2195 orig=2999
2026-05-01T15:40:25Z [watch_strike] shuffled=2204 orig=2999
2026-05-01T15:41:25Z [watch_strike] shuffled=2212 orig=2999
2026-05-01T15:42:25Z [watch_strike] shuffled=2219 orig=2999
2026-05-01T15:43:25Z [watch_strike] shuffled=2229 orig=2999
2026-05-01T15:44:25Z [watch_strike] shuffled=2238 orig=2999
2026-05-01T15:45:26Z [watch_strike] shuffled=2245 orig=2999
2026-05-01T15:46:26Z [watch_strike] shuffled=2253 orig=2999
2026-05-01T15:47:26Z [watch_strike] shuffled=2262 orig=2999
2026-05-01T15:48:26Z [watch_strike] shuffled=2271 orig=2999
2026-05-01T15:49:26Z [watch_strike] shuffled=2279 orig=2999
2026-05-01T15:50:26Z [watch_strike] shuffled=2286 orig=2999
2026-05-01T15:51:26Z [watch_strike] shuffled=2296 orig=2999
2026-05-01T15:52:26Z [watch_strike] shuffled=2304 orig=2999
2026-05-01T15:53:26Z [watch_strike] shuffled=2312 orig=2999
2026-05-01T15:54:26Z [watch_strike] shuffled=2321 orig=2999
2026-05-01T15:55:26Z [watch_strike] shuffled=2330 orig=2999
2026-05-01T15:56:26Z [watch_strike] shuffled=2338 orig=2999
2026-05-01T15:57:26Z [watch_strike] shuffled=2345 orig=2999
2026-05-01T15:58:26Z [watch_strike] shuffled=2356 orig=2999
2026-05-01T15:59:26Z [watch_strike] shuffled=2365 orig=2999
2026-05-01T16:00:26Z [watch_strike] shuffled=2372 orig=2999
2026-05-01T16:01:26Z [watch_strike] shuffled=2378 orig=2999
2026-05-01T16:02:26Z [watch_strike] shuffled=2383 orig=2999
2026-05-01T16:03:26Z [watch_strike] shuffled=2389 orig=2999
2026-05-01T16:04:27Z [watch_strike] shuffled=2395 orig=2999
2026-05-01T16:05:27Z [watch_strike] shuffled=2400 orig=2999
2026-05-01T16:06:27Z [watch_strike] shuffled=2406 orig=2999
2026-05-01T16:07:27Z [watch_strike] shuffled=2412 orig=2999
2026-05-01T16:08:27Z [watch_strike] shuffled=2419 orig=2999
2026-05-01T16:09:27Z [watch_strike] shuffled=2426 orig=2999
2026-05-01T16:10:27Z [watch_strike] shuffled=2432 orig=2999
2026-05-01T16:11:27Z [watch_strike] shuffled=2440 orig=2999
2026-05-01T16:12:27Z [watch_strike] shuffled=2447 orig=2999
2026-05-01T16:13:27Z [watch_strike] shuffled=2457 orig=2999
2026-05-01T16:14:27Z [watch_strike] shuffled=2464 orig=2999
2026-05-01T16:15:27Z [watch_strike] shuffled=2472 orig=2999
2026-05-01T16:16:27Z [watch_strike] shuffled=2481 orig=2999
2026-05-01T16:17:27Z [watch_strike] shuffled=2490 orig=2999
2026-05-01T16:18:27Z [watch_strike] shuffled=2497 orig=2999
2026-05-01T16:19:27Z [watch_strike] shuffled=2506 orig=2999
2026-05-01T16:20:27Z [watch_strike] shuffled=2514 orig=2999
2026-05-01T16:21:27Z [watch_strike] shuffled=2523 orig=2999
2026-05-01T16:22:27Z [watch_strike] shuffled=2531 orig=2999
2026-05-01T16:23:28Z [watch_strike] shuffled=2539 orig=2999
2026-05-01T16:24:28Z [watch_strike] shuffled=2548 orig=2999
2026-05-01T16:25:28Z [watch_strike] shuffled=2556 orig=2999
2026-05-01T16:26:28Z [watch_strike] shuffled=2564 orig=2999
2026-05-01T16:27:28Z [watch_strike] shuffled=2572 orig=2999
2026-05-01T16:28:28Z [watch_strike] shuffled=2581 orig=2999
2026-05-01T16:29:28Z [watch_strike] shuffled=2589 orig=2999
2026-05-01T16:30:28Z [watch_strike] shuffled=2597 orig=2999
2026-05-01T16:31:28Z [watch_strike] shuffled=2605 orig=2999
2026-05-01T16:32:28Z [watch_strike] shuffled=2615 orig=2999
2026-05-01T16:33:28Z [watch_strike] shuffled=2623 orig=2999
2026-05-01T16:34:28Z [watch_strike] shuffled=2630 orig=2999
2026-05-01T16:35:28Z [watch_strike] shuffled=2639 orig=2999
2026-05-01T16:36:28Z [watch_strike] shuffled=2648 orig=2999
2026-05-01T16:37:28Z [watch_strike] shuffled=2656 orig=2999
2026-05-01T16:38:28Z [watch_strike] shuffled=2664 orig=2999
2026-05-01T16:39:28Z [watch_strike] shuffled=2672 orig=2999
2026-05-01T16:40:28Z [watch_strike] shuffled=2682 orig=2999
2026-05-01T16:41:28Z [watch_strike] shuffled=2690 orig=2999
2026-05-01T16:42:29Z [watch_strike] shuffled=2698 orig=2999
2026-05-01T16:43:29Z [watch_strike] shuffled=2703 orig=2999
2026-05-01T16:44:29Z [watch_strike] shuffled=2709 orig=2999
2026-05-01T16:45:29Z [watch_strike] shuffled=2714 orig=2999
2026-05-01T16:46:29Z [watch_strike] shuffled=2719 orig=2999
2026-05-01T16:47:29Z [watch_strike] shuffled=2724 orig=2999
2026-05-01T16:48:29Z [watch_strike] shuffled=2730 orig=2999
2026-05-01T16:49:29Z [watch_strike] shuffled=2736 orig=2999
2026-05-01T16:50:29Z [watch_strike] shuffled=2742 orig=2999
2026-05-01T16:51:29Z [watch_strike] shuffled=2748 orig=2999
2026-05-01T16:52:29Z [watch_strike] shuffled=2753 orig=2999
2026-05-01T16:53:29Z [watch_strike] shuffled=2759 orig=2999
2026-05-01T16:54:29Z [watch_strike] shuffled=2768 orig=2999
2026-05-01T16:55:29Z [watch_strike] shuffled=2778 orig=2999
2026-05-01T16:56:29Z [watch_strike] shuffled=2785 orig=2999
2026-05-01T16:57:29Z [watch_strike] shuffled=2790 orig=2999
2026-05-01T16:58:29Z [watch_strike] shuffled=2795 orig=2999
2026-05-01T16:59:29Z [watch_strike] shuffled=2800 orig=2999
2026-05-01T17:00:30Z [watch_strike] shuffled=2806 orig=2999
2026-05-01T17:01:30Z [watch_strike] shuffled=2812 orig=2999
2026-05-01T17:02:30Z [watch_strike] shuffled=2817 orig=2999
2026-05-01T17:03:30Z [watch_strike] shuffled=2822 orig=2999
2026-05-01T17:04:30Z [watch_strike] shuffled=2828 orig=2999
2026-05-01T17:05:30Z [watch_strike] shuffled=2833 orig=2999
2026-05-01T17:06:30Z [watch_strike] shuffled=2839 orig=2999
2026-05-01T17:07:30Z [watch_strike] shuffled=2844 orig=2999
2026-05-01T17:08:30Z [watch_strike] shuffled=2850 orig=2999
2026-05-01T17:09:30Z [watch_strike] shuffled=2854 orig=2999
2026-05-01T17:10:30Z [watch_strike] shuffled=2862 orig=2999
2026-05-01T17:11:30Z [watch_strike] shuffled=2871 orig=2999
2026-05-01T17:12:30Z [watch_strike] shuffled=2880 orig=2999
2026-05-01T17:13:30Z [watch_strike] shuffled=2886 orig=2999
2026-05-01T17:14:30Z [watch_strike] shuffled=2895 orig=2999
2026-05-01T17:15:30Z [watch_strike] shuffled=2905 orig=2999
2026-05-01T17:16:30Z [watch_strike] shuffled=2912 orig=2999
2026-05-01T17:17:31Z [watch_strike] shuffled=2919 orig=2999
2026-05-01T17:18:31Z [watch_strike] shuffled=2930 orig=2999
2026-05-01T17:19:31Z [watch_strike] shuffled=2940 orig=2999
2026-05-01T17:20:31Z [watch_strike] shuffled=2948 orig=2999
2026-05-01T17:21:31Z [watch_strike] shuffled=2959 orig=2999
2026-05-01T17:22:31Z [watch_strike] shuffled=2967 orig=2999
2026-05-01T17:23:31Z [watch_strike] shuffled=2974 orig=2999
2026-05-01T17:24:31Z [watch_strike] shuffled=2981 orig=2999
2026-05-01T17:25:31Z [watch_strike] shuffled=2989 orig=2999
2026-05-01T17:26:31Z [watch_strike] shuffled=2997 orig=2999
2026-05-01T17:27:31Z [watch_strike] shuffled=2999 orig=2999
2026-05-01T17:27:31Z [watch_strike] cache equality reached — launching shuffled probe
[shuf_probe] strike: 2999 shuffled .npz files (matches variant_A). Launching probe sweep on GPUs 0,1,2,3.
[shuf_probe] 4 GPUs available; 4 targets queued.
[shuf_probe] strike / ee_acceleration on GPU 0 → /home/solee/physrepa_tasks/probe/results/logs/shuffled_probe_strike_ee_acceleration.log
[shuf_probe]   PID 2138683 on GPU 0
[shuf_probe] strike / ee_velocity on GPU 1 → /home/solee/physrepa_tasks/probe/results/logs/shuffled_probe_strike_ee_velocity.log
[shuf_probe]   PID 2138684 on GPU 1
[shuf_probe] strike / contact_force_log1p_mag on GPU 2 → /home/solee/physrepa_tasks/probe/results/logs/shuffled_probe_strike_contact_force_log1p_mag.log
[shuf_probe]   PID 2138685 on GPU 2
[shuf_probe] strike / contact_flag on GPU 3 → /home/solee/physrepa_tasks/probe/results/logs/shuffled_probe_strike_contact_flag.log
[shuf_probe]   PID 2138686 on GPU 3
[shuf_probe] strike: all targets queued. Waiting for remaining jobs...
[shuf_probe] strike: ALL DONE.
2026-05-01T17:27:31Z [watch_strike] DONE.
6 on GPU 3
[shuf_probe] strike: all targets queued. Waiting for remaining jobs...
[shuf_probe] strike: ALL DONE.
2026-05-01T17:27:31Z [watch_strike] DONE.
